# JRE version: OpenJDK Runtime Environment (8.0_112-b06) (build 1.8.0_112-release-b06)
# Java VM: OpenJDK 64-Bit Server VM (25.112-b06 mixed mode linux-amd64 compressed oops)
Heap:
 PSYoungGen      total 50688K, used 3552K [0x00000000e0000000, 0x00000000e6f00000, 0x0000000100000000)
  eden space 47104K, 0% used [0x00000000e0000000,0x00000000e0000000,0x00000000e2e00000)
  from space 3584K, 99% used [0x00000000e2e00000,0x00000000e3178010,0x00000000e3180000)
  to   space 9728K, 0% used [0x00000000e6580000,0x00000000e6580000,0x00000000e6f00000)
 ParOldGen       total 61440K, used 10495K [0x00000000a0000000, 0x00000000a3c00000, 0x00000000e0000000)
  object space 61440K, 17% used [0x00000000a0000000,0x00000000a0a3fd80,0x00000000a3c00000)
 Metaspace       used 20904K, capacity 21164K, committed 21296K, reserved 1067008K
  class space    used 2747K, capacity 2838K, committed 2864K, reserved 1048576K
GC Heap History (10 events):
Event: 1.974 GC heap after
Heap after GC invocations=1 (full 0):
 PSYoungGen      total 27136K, used 3555K [0x00000000e0000000, 0x00000000e1e00000, 0x0000000100000000)
  eden space 23552K, 0% used [0x00000000e0000000,0x00000000e0000000,0x00000000e1700000)
  from space 3584K, 99% used [0x00000000e1700000,0x00000000e1a78dd8,0x00000000e1a80000)
  to   space 3584K, 0% used [0x00000000e1a80000,0x00000000e1a80000,0x00000000e1e00000)
 ParOldGen       total 61440K, used 288K [0x00000000a0000000, 0x00000000a3c00000, 0x00000000e0000000)
  object space 61440K, 0% used [0x00000000a0000000,0x00000000a0048128,0x00000000a3c00000)
 Metaspace       used 6629K, capacity 6728K, committed 6784K, reserved 1056768K
  class space    used 822K, capacity 856K, committed 896K, reserved 1048576K
}
Event: 3.040 GC heap before
{Heap before GC invocations=2 (full 0):
 PSYoungGen      total 27136K, used 27107K [0x00000000e0000000, 0x00000000e1e00000, 0x0000000100000000)
  eden space 23552K, 100% used [0x00000000e0000000,0x00000000e1700000,0x00000000e1700000)
  from space 3584K, 99% used [0x00000000e1700000,0x00000000e1a78dd8,0x00000000e1a80000)
  to   space 3584K, 0% used [0x00000000e1a80000,0x00000000e1a80000,0x00000000e1e00000)
 ParOldGen       total 61440K, used 288K [0x00000000a0000000, 0x00000000a3c00000, 0x00000000e0000000)
  object space 61440K, 0% used [0x00000000a0000000,0x00000000a0048128,0x00000000a3c00000)
 Metaspace       used 7606K, capacity 7776K, committed 8064K, reserved 1056768K
  class space    used 978K, capacity 1056K, committed 1152K, reserved 1048576K
Event: 3.064 GC heap after
Heap after GC invocations=2 (full 0):
 PSYoungGen      total 27136K, used 3231K [0x00000000e0000000, 0x00000000e3500000, 0x0000000100000000)
  eden space 23552K, 0% used [0x00000000e0000000,0x00000000e0000000,0x00000000e1700000)
  from space 3584K, 90% used [0x00000000e1a80000,0x00000000e1da7df0,0x00000000e1e00000)
  to   space 3584K, 0% used [0x00000000e1700000,0x00000000e1700000,0x00000000e1a80000)
 ParOldGen       total 61440K, used 296K [0x00000000a0000000, 0x00000000a3c00000, 0x00000000e0000000)
  object space 61440K, 0% used [0x00000000a0000000,0x00000000a004a128,0x00000000a3c00000)
 Metaspace       used 7606K, capacity 7776K, committed 8064K, reserved 1056768K
  class space    used 978K, capacity 1056K, committed 1152K, reserved 1048576K
}
Event: 5.346 GC heap before
{Heap before GC invocations=3 (full 0):
 PSYoungGen      total 27136K, used 26783K [0x00000000e0000000, 0x00000000e3500000, 0x0000000100000000)
  eden space 23552K, 100% used [0x00000000e0000000,0x00000000e1700000,0x00000000e1700000)
  from space 3584K, 90% used [0x00000000e1a80000,0x00000000e1da7df0,0x00000000e1e00000)
  to   space 3584K, 0% used [0x00000000e1700000,0x00000000e1700000,0x00000000e1a80000)
 ParOldGen       total 61440K, used 296K [0x00000000a0000000, 0x00000000a3c00000, 0x00000000e0000000)
  object space 61440K, 0% used [0x00000000a0000000,0x00000000a004a128,0x00000000a3c00000)
 Metaspace       used 12963K, capacity 13284K, committed 13440K, reserved 1060864K
  class space    used 1752K, capacity 1863K, committed 1920K, reserved 1048576K
Event: 5.374 GC heap after
Heap after GC invocations=3 (full 0):
 PSYoungGen      total 27136K, used 3568K [0x00000000e0000000, 0x00000000e3500000, 0x0000000100000000)
  eden space 23552K, 0% used [0x00000000e0000000,0x00000000e0000000,0x00000000e1700000)
  from space 3584K, 99% used [0x00000000e1700000,0x00000000e1a7c020,0x00000000e1a80000)
  to   space 3584K, 0% used [0x00000000e3180000,0x00000000e3180000,0x00000000e3500000)
 ParOldGen       total 61440K, used 2263K [0x00000000a0000000, 0x00000000a3c00000, 0x00000000e0000000)
  object space 61440K, 3% used [0x00000000a0000000,0x00000000a0235d18,0x00000000a3c00000)
 Metaspace       used 12963K, capacity 13284K, committed 13440K, reserved 1060864K
  class space    used 1752K, capacity 1863K, committed 1920K, reserved 1048576K
}
Event: 6.854 GC heap before
{Heap before GC invocations=4 (full 0):
 PSYoungGen      total 27136K, used 27120K [0x00000000e0000000, 0x00000000e3500000, 0x0000000100000000)
  eden space 23552K, 100% used [0x00000000e0000000,0x00000000e1700000,0x00000000e1700000)
  from space 3584K, 99% used [0x00000000e1700000,0x00000000e1a7c020,0x00000000e1a80000)
  to   space 3584K, 0% used [0x00000000e3180000,0x00000000e3180000,0x00000000e3500000)
 ParOldGen       total 61440K, used 2263K [0x00000000a0000000, 0x00000000a3c00000, 0x00000000e0000000)
  object space 61440K, 3% used [0x00000000a0000000,0x00000000a0235d18,0x00000000a3c00000)
 Metaspace       used 15482K, capacity 15772K, committed 15872K, reserved 1062912K
  class space    used 2165K, capacity 2283K, committed 2304K, reserved 1048576K
Event: 6.893 GC heap after
Heap after GC invocations=4 (full 0):
 PSYoungGen      total 50688K, used 3552K [0x00000000e0000000, 0x00000000e3500000, 0x0000000100000000)
  eden space 47104K, 0% used [0x00000000e0000000,0x00000000e0000000,0x00000000e2e00000)
  from space 3584K, 99% used [0x00000000e3180000,0x00000000e34f8030,0x00000000e3500000)
  to   space 3584K, 0% used [0x00000000e2e00000,0x00000000e2e00000,0x00000000e3180000)
 ParOldGen       total 61440K, used 5370K [0x00000000a0000000, 0x00000000a3c00000, 0x00000000e0000000)
  object space 61440K, 8% used [0x00000000a0000000,0x00000000a053ea78,0x00000000a3c00000)
 Metaspace       used 15482K, capacity 15772K, committed 15872K, reserved 1062912K
  class space    used 2165K, capacity 2283K, committed 2304K, reserved 1048576K
}
Event: 8.990 GC heap before
{Heap before GC invocations=5 (full 0):
 PSYoungGen      total 50688K, used 34757K [0x00000000e0000000, 0x00000000e3500000, 0x0000000100000000)
  eden space 47104K, 66% used [0x00000000e0000000,0x00000000e1e79750,0x00000000e2e00000)
  from space 3584K, 99% used [0x00000000e3180000,0x00000000e34f8030,0x00000000e3500000)
  to   space 3584K, 0% used [0x00000000e2e00000,0x00000000e2e00000,0x00000000e3180000)
 ParOldGen       total 61440K, used 5370K [0x00000000a0000000, 0x00000000a3c00000, 0x00000000e0000000)
  object space 61440K, 8% used [0x00000000a0000000,0x00000000a053ea78,0x00000000a3c00000)
 Metaspace       used 20904K, capacity 21164K, committed 21296K, reserved 1067008K
  class space    used 2747K, capacity 2838K, committed 2864K, reserved 1048576K
Event: 9.016 GC heap after
Heap after GC invocations=5 (full 0):
 PSYoungGen      total 50688K, used 3552K [0x00000000e0000000, 0x00000000e6f00000, 0x0000000100000000)
  eden space 47104K, 0% used [0x00000000e0000000,0x00000000e0000000,0x00000000e2e00000)
  from space 3584K, 99% used [0x00000000e2e00000,0x00000000e3178010,0x00000000e3180000)
  to   space 9728K, 0% used [0x00000000e6580000,0x00000000e6580000,0x00000000e6f00000)
 ParOldGen       total 61440K, used 10495K [0x00000000a0000000, 0x00000000a3c00000, 0x00000000e0000000)
  object space 61440K, 17% used [0x00000000a0000000,0x00000000a0a3fd80,0x00000000a3c00000)
 Metaspace       used 20904K, capacity 21164K, committed 21296K, reserved 1067008K
  class space    used 2747K, capacity 2838K, committed 2864K, reserved 1048576K
}
Event: 9.016 GC heap before
{Heap before GC invocations=6 (full 1):
 PSYoungGen      total 50688K, used 3552K [0x00000000e0000000, 0x00000000e6f00000, 0x0000000100000000)
  eden space 47104K, 0% used [0x00000000e0000000,0x00000000e0000000,0x00000000e2e00000)
  from space 3584K, 99% used [0x00000000e2e00000,0x00000000e3178010,0x00000000e3180000)
  to   space 9728K, 0% used [0x00000000e6580000,0x00000000e6580000,0x00000000e6f00000)
 ParOldGen       total 61440K, used 10495K [0x00000000a0000000, 0x00000000a3c00000, 0x00000000e0000000)
  object space 61440K, 17% used [0x00000000a0000000,0x00000000a0a3fd80,0x00000000a3c00000)
 Metaspace       used 20904K, capacity 21164K, committed 21296K, reserved 1067008K
  class space    used 2747K, capacity 2838K, committed 2864K, reserved 1048576K

